Build started 10/02/2015 18:27:08.
     1>Project "C:\Users\MetaMan\Documents\dev\3DGameEngine\3DGameEngine\3DGameEngine.vcxproj" on node 2 (Build target(s)).
     1>ClCompile:
         C:\Program Files (x86)\Microsoft Visual Studio 11.0\VC\bin\CL.exe /c /I"C:\Users\MetaMan\Documents\dev\3DGameEngine\\..\SFML-2.1\include" /IC:\Users\MetaMan\Documents\dev\3DGameEngine\\..\glm\glm /I"C:\Users\MetaMan\Documents\dev\3DGameEngine\\..\glew-1.11.0\include" /ZI /nologo /W3 /WX- /sdl /Od /Oy- /D WIN32 /D _DEBUG /D _WINDOWS /D GLM_FORCE_RADIANS /D _UNICODE /D UNICODE /Gm /EHsc /RTC1 /MDd /GS /fp:precise /Zc:wchar_t /Zc:forScope /Yu"stdafx.h" /Fp"Debug\3DGameEngine.pch" /Fo"Debug\\" /Fd"Debug\vc110.pdb" /Gd /TP /analyze- /errorReport:prompt RacingCar.cpp
         RacingCar.cpp
       Link:
         C:\Program Files (x86)\Microsoft Visual Studio 11.0\VC\bin\link.exe /ERRORREPORT:PROMPT /OUT:"C:\Users\MetaMan\Documents\dev\3DGameEngine\Debug\3DGameEngine.exe" /INCREMENTAL /NOLOGO /LIBPATH:"C:\Users\MetaMan\Documents\dev\3DGameEngine\\..\SFML-2.1\lib" /LIBPATH:"C:\Users\MetaMan\Documents\dev\3DGameEngine\\..\glew-1.11.0\lib\Release\Win32" "sfml-graphics-d.lib" "sfml-window-d.lib" "sfml-system-d.lib" "sfml-main-d.lib" "sfml-audio-d.lib" "sfml-network-d.lib" opengl32.lib glu32.lib glew32.lib kernel32.lib user32.lib gdi32.lib winspool.lib comdlg32.lib advapi32.lib shell32.lib ole32.lib oleaut32.lib uuid.lib odbc32.lib odbccp32.lib /MANIFEST /MANIFESTUAC:"level='asInvoker' uiAccess='false'" /manifest:embed /DEBUG /PDB:"C:\Users\MetaMan\Documents\dev\3DGameEngine\Debug\3DGameEngine.pdb" /SUBSYSTEM:WINDOWS /TLBID:1 /DYNAMICBASE /NXCOMPAT /IMPLIB:"C:\Users\MetaMan\Documents\dev\3DGameEngine\Debug\3DGameEngine.lib" /MACHINE:X86 Debug\3DGameEngine.res
         Debug\3DGameEngine.obj
         Debug\Camera.obj
         Debug\DrawingInstance.obj
         Debug\Actor.obj
         Debug\InputHandler.obj
         Debug\KeyboardInput.obj
         Debug\GraphicsRenderer.obj
         Debug\Mesh.obj
         Debug\ModelLoader.obj
         Debug\MouseInput.obj
         Debug\RacingCar.obj
         Debug\Scene.obj
         Debug\Shader.obj
         Debug\SoundManager.obj
         Debug\stdafx.obj
         Debug\TestingGrounds.obj
         Debug\Texture.obj
         Debug\Transform.obj
         3DGameEngine.vcxproj -> C:\Users\MetaMan\Documents\dev\3DGameEngine\Debug\3DGameEngine.exe
     1>Done Building Project "C:\Users\MetaMan\Documents\dev\3DGameEngine\3DGameEngine\3DGameEngine.vcxproj" (Build target(s)).

Build succeeded.

Time Elapsed 00:00:04.81
