C:\USERS\METAMAN\DOCUMENTS\DEV\YAGOTTAWORKOBJLOADER - COPY (2)\3DGAMEENGINE\DEBUG\3DGAMEENGINE.PCH
C:\USERS\METAMAN\DOCUMENTS\DEV\YAGOTTAWORKOBJLOADER - COPY (2)\3DGAMEENGINE\DEBUG\STDAFX.OBJ
C:\USERS\METAMAN\DOCUMENTS\DEV\YAGOTTAWORKOBJLOADER - COPY (2)\3DGAMEENGINE\DEBUG\VC110.PDB
C:\USERS\METAMAN\DOCUMENTS\DEV\YAGOTTAWORKOBJLOADER - COPY (2)\3DGAMEENGINE\DEBUG\3DGAMEENGINE.OBJ
C:\USERS\METAMAN\DOCUMENTS\DEV\YAGOTTAWORKOBJLOADER - COPY (2)\3DGAMEENGINE\DEBUG\CAMERA.OBJ
C:\USERS\METAMAN\DOCUMENTS\DEV\YAGOTTAWORKOBJLOADER - COPY (2)\3DGAMEENGINE\DEBUG\DRAWINGINSTANCE.OBJ
C:\USERS\METAMAN\DOCUMENTS\DEV\YAGOTTAWORKOBJLOADER - COPY (2)\3DGAMEENGINE\DEBUG\ACTOR.OBJ
C:\USERS\METAMAN\DOCUMENTS\DEV\YAGOTTAWORKOBJLOADER - COPY (2)\3DGAMEENGINE\DEBUG\INPUTHANDLER.OBJ
C:\USERS\METAMAN\DOCUMENTS\DEV\YAGOTTAWORKOBJLOADER - COPY (2)\3DGAMEENGINE\DEBUG\KEYBOARDINPUT.OBJ
C:\USERS\METAMAN\DOCUMENTS\DEV\YAGOTTAWORKOBJLOADER - COPY (2)\3DGAMEENGINE\DEBUG\GRAPHICSRENDERER.OBJ
C:\USERS\METAMAN\DOCUMENTS\DEV\YAGOTTAWORKOBJLOADER - COPY (2)\3DGAMEENGINE\DEBUG\MESH.OBJ
C:\USERS\METAMAN\DOCUMENTS\DEV\YAGOTTAWORKOBJLOADER - COPY (2)\3DGAMEENGINE\DEBUG\MODELLOADER.OBJ
C:\USERS\METAMAN\DOCUMENTS\DEV\YAGOTTAWORKOBJLOADER - COPY (2)\3DGAMEENGINE\DEBUG\MOUSEINPUT.OBJ
C:\USERS\METAMAN\DOCUMENTS\DEV\YAGOTTAWORKOBJLOADER - COPY (2)\3DGAMEENGINE\DEBUG\SCENE.OBJ
C:\USERS\METAMAN\DOCUMENTS\DEV\YAGOTTAWORKOBJLOADER - COPY (2)\3DGAMEENGINE\DEBUG\SHADER.OBJ
C:\USERS\METAMAN\DOCUMENTS\DEV\YAGOTTAWORKOBJLOADER - COPY (2)\3DGAMEENGINE\DEBUG\SOUNDMANAGER.OBJ
C:\USERS\METAMAN\DOCUMENTS\DEV\YAGOTTAWORKOBJLOADER - COPY (2)\3DGAMEENGINE\DEBUG\TESTINGGROUNDS.OBJ
C:\USERS\METAMAN\DOCUMENTS\DEV\YAGOTTAWORKOBJLOADER - COPY (2)\3DGAMEENGINE\DEBUG\TEXTURE.OBJ
C:\USERS\METAMAN\DOCUMENTS\DEV\YAGOTTAWORKOBJLOADER - COPY (2)\3DGAMEENGINE\DEBUG\TRANSFORM.OBJ
C:\USERS\METAMAN\DOCUMENTS\DEV\YAGOTTAWORKOBJLOADER - COPY (2)\DEBUG\3DGAMEENGINE.ILK
C:\USERS\METAMAN\DOCUMENTS\DEV\YAGOTTAWORKOBJLOADER - COPY (2)\DEBUG\3DGAMEENGINE.EXE
C:\USERS\METAMAN\DOCUMENTS\DEV\YAGOTTAWORKOBJLOADER - COPY (2)\DEBUG\3DGAMEENGINE.PDB
C:\USERS\METAMAN\DOCUMENTS\DEV\YAGOTTAWORKOBJLOADER - COPY (2)\3DGAMEENGINE\DEBUG\3DGAMEENGINE.RES
C:\Users\MetaMan\Documents\dev\3DGameEngine\3DGameEngine\Debug\3DGameEngine.obj
C:\Users\MetaMan\Documents\dev\3DGameEngine\3DGameEngine\Debug\Actor.obj
C:\Users\MetaMan\Documents\dev\3DGameEngine\3DGameEngine\Debug\Camera.obj
C:\Users\MetaMan\Documents\dev\3DGameEngine\3DGameEngine\Debug\DrawingInstance.obj
C:\Users\MetaMan\Documents\dev\3DGameEngine\3DGameEngine\Debug\GraphicsRenderer.obj
C:\Users\MetaMan\Documents\dev\3DGameEngine\3DGameEngine\Debug\InputHandler.obj
C:\Users\MetaMan\Documents\dev\3DGameEngine\3DGameEngine\Debug\KeyboardInput.obj
C:\Users\MetaMan\Documents\dev\3DGameEngine\3DGameEngine\Debug\Mesh.obj
C:\Users\MetaMan\Documents\dev\3DGameEngine\3DGameEngine\Debug\ModelLoader.obj
C:\Users\MetaMan\Documents\dev\3DGameEngine\3DGameEngine\Debug\MouseInput.obj
C:\Users\MetaMan\Documents\dev\3DGameEngine\3DGameEngine\Debug\Scene.obj
C:\Users\MetaMan\Documents\dev\3DGameEngine\3DGameEngine\Debug\Shader.obj
C:\Users\MetaMan\Documents\dev\3DGameEngine\3DGameEngine\Debug\SoundManager.obj
C:\Users\MetaMan\Documents\dev\3DGameEngine\3DGameEngine\Debug\stdafx.obj
C:\Users\MetaMan\Documents\dev\3DGameEngine\3DGameEngine\Debug\TestingGrounds.obj
C:\Users\MetaMan\Documents\dev\3DGameEngine\3DGameEngine\Debug\Texture.obj
C:\Users\MetaMan\Documents\dev\3DGameEngine\3DGameEngine\Debug\Transform.obj
C:\Users\MetaMan\Documents\dev\3DGameEngine\3DGameEngine\Debug\cl.command.1.tlog
C:\Users\MetaMan\Documents\dev\3DGameEngine\3DGameEngine\Debug\CL.read.1.tlog
C:\Users\MetaMan\Documents\dev\3DGameEngine\3DGameEngine\Debug\CL.write.1.tlog
C:\Users\MetaMan\Documents\dev\3DGameEngine\3DGameEngine\Debug\link-cvtres.read.1.tlog
C:\Users\MetaMan\Documents\dev\3DGameEngine\3DGameEngine\Debug\link-cvtres.write.1.tlog
C:\Users\MetaMan\Documents\dev\3DGameEngine\3DGameEngine\Debug\link-rc.read.1.tlog
C:\Users\MetaMan\Documents\dev\3DGameEngine\3DGameEngine\Debug\link-rc.write.1.tlog
C:\Users\MetaMan\Documents\dev\3DGameEngine\3DGameEngine\Debug\link.command.1.tlog
C:\Users\MetaMan\Documents\dev\3DGameEngine\3DGameEngine\Debug\link.read.1.tlog
C:\Users\MetaMan\Documents\dev\3DGameEngine\3DGameEngine\Debug\link.write.1.tlog
C:\Users\MetaMan\Documents\dev\3DGameEngine\3DGameEngine\Debug\rc.command.1.tlog
C:\Users\MetaMan\Documents\dev\3DGameEngine\3DGameEngine\Debug\rc.read.1.tlog
C:\Users\MetaMan\Documents\dev\3DGameEngine\3DGameEngine\Debug\rc.write.1.tlog
C:\Users\MetaMan\Documents\dev\3DGameEngine\3DGameEngine\Debug\3DGameEngine.res
C:\Users\MetaMan\Documents\dev\3DGameEngine\3DGameEngine\Debug\3DGameEngine.pch
C:\Users\MetaMan\Documents\dev\3DGameEngine\3DGameEngine\Debug\vc110.idb
C:\Users\MetaMan\Documents\dev\3DGameEngine\3DGameEngine\Debug\vc110.pdb
C:\Users\MetaMan\Documents\dev\3DGameEngine\Debug\3DGameEngine.pdb
C:\Users\MetaMan\Documents\dev\3DGameEngine\Debug\3DGameEngine.exe
C:\Users\MetaMan\Documents\dev\3DGameEngine\Debug\3DGameEngine.ilk
